
/home/runner/work/exp-elasticity-in-compression-iitd/exp-elasticity-in-compression-iitd/experiment/simulation/CSL-004/main.js
     1:10  warning  'navNext1' is defined but never used             no-unused-vars
    13:10  warning  'navNext2' is defined but never used             no-unused-vars
    47:10  warning  'navNext3' is defined but never used             no-unused-vars
    79:10  warning  'navNext3a' is defined but never used            no-unused-vars
   100:10  warning  'navNext4' is defined but never used             no-unused-vars
   123:10  warning  'navNext4b' is defined but never used            no-unused-vars
   134:10  warning  'navNext5' is defined but never used             no-unused-vars
   175:10  warning  'navNext6' is defined but never used             no-unused-vars
   197:10  warning  'navNext61' is defined but never used            no-unused-vars
   228:10  warning  'navNext6a' is defined but never used            no-unused-vars
   249:10  warning  'navNext62' is defined but never used            no-unused-vars
   277:10  warning  'navNext6b' is defined but never used            no-unused-vars
   296:10  warning  'navNextG2' is defined but never used            no-unused-vars
   306:10  warning  'navNextG3' is defined but never used            no-unused-vars
   316:10  warning  'navNextGrep3' is defined but never used         no-unused-vars
   332:10  warning  'navNextGrep4' is defined but never used         no-unused-vars
   347:10  warning  'recentre' is defined but never used             no-unused-vars
   364:10  warning  'navNextG4' is defined but never used            no-unused-vars
   393:10  warning  'navNextG5' is defined but never used            no-unused-vars
   406:10  warning  'navNextG6' is defined but never used            no-unused-vars
   416:10  warning  'navNextG7' is defined but never used            no-unused-vars
   426:10  warning  'navNextG8' is defined but never used            no-unused-vars
   436:10  warning  'navNextG9' is defined but never used            no-unused-vars
   446:10  warning  'navNextG10' is defined but never used           no-unused-vars
   471:10  warning  'navNextG12' is defined but never used           no-unused-vars
   481:10  warning  'navNextG13' is defined but never used           no-unused-vars
   494:10  warning  'navNextG14' is defined but never used           no-unused-vars
   506:10  warning  'navNextG15' is defined but never used           no-unused-vars
   520:10  warning  'navNext63' is defined but never used            no-unused-vars
   546:10  warning  'navNext6c' is defined but never used            no-unused-vars
   568:10  warning  'navNext64' is defined but never used            no-unused-vars
   587:10  warning  'navNext7' is defined but never used             no-unused-vars
   599:10  warning  'navNext8' is defined but never used             no-unused-vars
   608:10  warning  'navNext9' is defined but never used             no-unused-vars
   679:10  warning  'agesizeIn' is defined but never used            no-unused-vars
   767:10  warning  'tunnu' is defined but never used                no-unused-vars
   799:10  warning  'movecube' is defined but never used             no-unused-vars
   811:10  warning  'mcurcube1' is defined but never used            no-unused-vars
   823:10  warning  'mcurcube2' is defined but never used            no-unused-vars
   837:10  warning  'movecloth' is defined but never used            no-unused-vars
   861:10  warning  'isInputNumber' is defined but never used        no-unused-vars
   877:10  warning  'movecube1' is defined but never used            no-unused-vars
   959:10  warning  'movecube3' is defined but never used            no-unused-vars
   981:10  warning  'movecube4' is defined but never used            no-unused-vars
   992:10  warning  'showbigclk' is defined but never used           no-unused-vars
  1010:10  warning  'showmoveclk' is defined but never used          no-unused-vars
  1074:9   warning  Move function declaration to function body root  no-inner-declarations
  1132:10  warning  'stopmoveclk' is defined but never used          no-unused-vars
  1161:10  warning  'showbigclk_re' is defined but never used        no-unused-vars
  1179:10  warning  'showmoveclk_re' is defined but never used       no-unused-vars
  1244:9   warning  Move function declaration to function body root  no-inner-declarations
  1303:10  warning  'showmoveclk_up' is defined but never used       no-unused-vars
  1367:9   warning  Move function declaration to function body root  no-inner-declarations
  1427:10  warning  'showmoveclk_br' is defined but never used       no-unused-vars
  1470:10  warning  'soneIn' is defined but never used               no-unused-vars
  1493:10  warning  'stwoIn' is defined but never used               no-unused-vars
  1517:10  warning  'sthreeIn' is defined but never used             no-unused-vars
  1542:10  warning  'sfourIn' is defined but never used              no-unused-vars
  1567:10  warning  'factory222' is defined but never used           no-unused-vars
  1573:10  warning  'factory1111' is defined but never used          no-unused-vars
  1580:10  warning  'factory2222' is defined but never used          no-unused-vars
  1593:10  warning  'showbigclk1' is defined but never used          no-unused-vars
  1611:10  warning  'showmoveclk1' is defined but never used         no-unused-vars
  1675:9   warning  Move function declaration to function body root  no-inner-declarations
  1726:10  warning  'stopmoveclk1' is defined but never used         no-unused-vars
  1820:9   warning  Move function declaration to function body root  no-inner-declarations
  1871:10  warning  'stopmoveclk1_un' is defined but never used      no-unused-vars
  1890:10  warning  'showbigclk2' is defined but never used          no-unused-vars
  1908:10  warning  'showmoveclk2' is defined but never used         no-unused-vars
  1921:9   warning  Move function declaration to function body root  no-inner-declarations
  1962:9   warning  Move function declaration to function body root  no-inner-declarations
  2013:10  warning  'stopmoveclk2' is defined but never used         no-unused-vars
  2046:10  warning  'showbigclk3' is defined but never used          no-unused-vars
  2064:10  warning  'showmoveclk3' is defined but never used         no-unused-vars
  2077:9   warning  Move function declaration to function body root  no-inner-declarations
  2118:9   warning  Move function declaration to function body root  no-inner-declarations
  2169:10  warning  'stopmoveclk3' is defined but never used         no-unused-vars
  2225:5   warning  'logorep' is assigned a value but never used     no-unused-vars
  2227:10  warning  'ShowLF' is defined but never used               no-unused-vars
  2283:10  warning  'ShowLoadRes' is defined but never used          no-unused-vars
  2342:10  warning  'ShowLFinalRes' is defined but never used        no-unused-vars
  2402:10  warning  'Showrep' is defined but never used              no-unused-vars
  2437:13  warning  'printavg2' is not defined                       no-undef
  2438:43  warning  'printavg2' is not defined                       no-undef
  2480:60  warning  'size' is not defined                            no-undef
  2491:43  warning  'rapt' is not defined                            no-undef
  2492:17  warning  'x2' is already defined                          no-redeclare
  2492:21  warning  'printavg' is not defined                        no-undef
  2493:13  warning  'printavg2' is not defined                       no-undef
  2495:43  warning  'printavg2' is not defined                       no-undef
  2503:43  warning  'rapt2' is not defined                           no-undef
  2512:43  warning  'rapt3' is not defined                           no-undef
  2524:10  warning  'reset' is defined but never used                no-unused-vars

/home/runner/work/exp-elasticity-in-compression-iitd/exp-elasticity-in-compression-iitd/experiment/simulation/main.js
     1:10  warning  'navNext1' is defined but never used             no-unused-vars
    13:10  warning  'navNext2' is defined but never used             no-unused-vars
    46:10  warning  'navNext3' is defined but never used             no-unused-vars
    81:10  warning  'navNext4' is defined but never used             no-unused-vars
   102:10  warning  'navNext5' is defined but never used             no-unused-vars
   143:10  warning  'navNext6' is defined but never used             no-unused-vars
   164:10  warning  'navNext4a' is defined but never used            no-unused-vars
   186:10  warning  'navNext5a' is defined but never used            no-unused-vars
   227:10  warning  'navNext6a' is defined but never used            no-unused-vars
   260:10  warning  'navNext4b' is defined but never used            no-unused-vars
   282:10  warning  'navNext5b' is defined but never used            no-unused-vars
   325:10  warning  'navNext4c' is defined but never used            no-unused-vars
   347:10  warning  'navNext5c' is defined but never used            no-unused-vars
   388:10  warning  'navNext6c' is defined but never used            no-unused-vars
   401:10  warning  'navNext6b' is defined but never used            no-unused-vars
   417:10  warning  'navNext7' is defined but never used             no-unused-vars
   426:10  warning  'navNext8' is defined but never used             no-unused-vars
   444:10  warning  'navNext9' is defined but never used             no-unused-vars
   512:10  warning  'agesizeIn' is defined but never used            no-unused-vars
   595:10  warning  'tunnu' is defined but never used                no-unused-vars
   626:10  warning  'tunnu2' is defined but never used               no-unused-vars
   655:10  warning  'tunnu3' is defined but never used               no-unused-vars
   684:10  warning  'tunnu4' is defined but never used               no-unused-vars
   714:10  warning  'movecube' is defined but never used             no-unused-vars
   726:10  warning  'mcurcube1' is defined but never used            no-unused-vars
   738:10  warning  'mcurcube2' is defined but never used            no-unused-vars
   757:10  warning  'movecloth' is defined but never used            no-unused-vars
   781:10  warning  'isInputNumber' is defined but never used        no-unused-vars
   801:10  warning  'movecube1' is defined but never used            no-unused-vars
   818:10  warning  'movecube2' is defined but never used            no-unused-vars
   846:10  warning  'movecube3' is defined but never used            no-unused-vars
   858:10  warning  'movecube4' is defined but never used            no-unused-vars
   869:10  warning  'showbigclk' is defined but never used           no-unused-vars
   887:10  warning  'showmoveclk' is defined but never used          no-unused-vars
   900:9   warning  Move function declaration to function body root  no-inner-declarations
   941:9   warning  Move function declaration to function body root  no-inner-declarations
   995:10  warning  'stopmoveclk' is defined but never used          no-unused-vars
  1025:10  warning  'movecube11' is defined but never used           no-unused-vars
  1042:10  warning  'movecube22' is defined but never used           no-unused-vars
  1070:10  warning  'movecube33' is defined but never used           no-unused-vars
  1082:10  warning  'movecube44' is defined but never used           no-unused-vars
  1093:10  warning  'showbigclk2' is defined but never used          no-unused-vars
  1111:10  warning  'showmoveclk2' is defined but never used         no-unused-vars
  1124:9   warning  Move function declaration to function body root  no-inner-declarations
  1165:9   warning  Move function declaration to function body root  no-inner-declarations
  1219:10  warning  'stopmoveclk2' is defined but never used         no-unused-vars
  1248:10  warning  'movecube111' is defined but never used          no-unused-vars
  1265:10  warning  'movecube222' is defined but never used          no-unused-vars
  1293:10  warning  'movecube333' is defined but never used          no-unused-vars
  1305:10  warning  'movecube444' is defined but never used          no-unused-vars
  1316:10  warning  'showbigclk3' is defined but never used          no-unused-vars
  1334:10  warning  'showmoveclk3' is defined but never used         no-unused-vars
  1347:9   warning  Move function declaration to function body root  no-inner-declarations
  1388:9   warning  Move function declaration to function body root  no-inner-declarations
  1442:10  warning  'stopmoveclk3' is defined but never used         no-unused-vars
  1472:10  warning  'movecube1114' is defined but never used         no-unused-vars
  1489:10  warning  'movecube2224' is defined but never used         no-unused-vars
  1517:10  warning  'movecube3334' is defined but never used         no-unused-vars
  1529:10  warning  'movecube4444' is defined but never used         no-unused-vars
  1540:10  warning  'showbigclk4' is defined but never used          no-unused-vars
  1558:10  warning  'showmoveclk4' is defined but never used         no-unused-vars
  1571:9   warning  Move function declaration to function body root  no-inner-declarations
  1612:9   warning  Move function declaration to function body root  no-inner-declarations
  1666:10  warning  'stopmoveclk4' is defined but never used         no-unused-vars
  1695:10  warning  'ShowLF' is defined but never used               no-unused-vars
  1734:10  warning  'ShowLoadRes' is defined but never used          no-unused-vars
  1861:10  warning  'Showrep' is defined but never used              no-unused-vars
  1973:10  warning  'reset' is defined but never used                no-unused-vars

✖ 161 problems (0 errors, 161 warnings)

